<?xml version="1.0" encoding="utf-8"?>
<shfbBuild product="Sandcastle Help File Builder" version="2014.1.26.0 Beta" projectFile="C:\Users\Jason\Dropbox\Projects\GitHub\SDL2-CS\doc\SDL_Sharp_Documentation\SDL_Sharp_Documentation.shfbproj" started="2014-04-18 07:43:42 PM">
<buildStep step="Initializing">
Finding tools...
The Sandcastle tools are located in &#39;C:\Program Files (x86)\EWSoftware\Sandcastle Help File Builder\&#39;
Searching for HTML Help 1 compiler...
Found HTML Help 1 compiler in &#39;C:\Program Files (x86)\HTML Help Workshop\&#39;
Locating components...
Using presentation style &#39;VS2010&#39; located in &#39;C:\Program Files (x86)\EWSoftware\Sandcastle Help File Builder\PresentationStyles\VS2010&#39;
</buildStep>
<buildStep step="ClearWorkFolder">
Clearing working folder...
</buildStep>
<buildStep step="ValidatingDocumentationSources">
Validating and copying documentation source information
Source: C:\Users\Jason\Dropbox\Projects\GitHub\SDL2-CS\SDL2-CS.sln
    Found project &#39;C:\Users\Jason\Dropbox\Projects\GitHub\SDL2-CS\SDL2-CS.csproj&#39;

Parsing project files
    Found assembly &#39;C:\Users\Jason\Dropbox\Projects\GitHub\SDL2-CS\bin\Debug\SDL2-CS.dll&#39;

References to include (excluding framework assemblies):
    None
SHFB: Warning BE0062: No XML comments files found.  The help file will not contain any member comments.
</buildStep>
<buildStep step="GenerateSharedContent">
Generating shared content files (en-US, English (United States))...
    Last step completed in 00:00:00.0490
</buildStep>
<buildStep step="GenerateApiFilter">
Generating API filter for MRefBuilder...
    Last step completed in 00:00:00.0010
</buildStep>
<buildStep step="GenerateReflectionInfo">
Generating reflection information...
[C:\Program Files (x86)\MSBuild\12.0\bin\MSBuild.exe]
Build started 2014-04-18 07:43:43 PM.
Project &quot;C:\Users\Jason\Dropbox\Projects\GitHub\SDL2-CS\doc\SDL_Sharp_Documentation\Help\Working\GenerateRefInfo.proj&quot; on node 1 (default targets).
PrepareForBuild:
  Creating directory &quot;obj\Debug\&quot;.
GenerateRefInfo:
  MRefBuilder (v2014.1.26.0)
  Copyright c 2006-2014, Microsoft Corporation, All Rights Reserved.
  Portions Copyright c 2006-2014, Eric Woodruff, All Rights Reserved.
  Loaded 1 assemblies for reflection and 1 dependency assemblies.
  Wrote information on 9 namespaces, 1180 types, and 27079 members
  Copying file from &quot;reflection.org&quot; to &quot;reflection.all&quot;.
  XslTransform (v2014.1.26.0)
  Copyright c 2006-2014, Microsoft Corporation, All Rights Reserved.
  Portions Copyright c 2006-2014, Eric Woodruff, All Rights Reserved.
  Applying XSL transformation &#39;C:\Program Files (x86)\EWSoftware\Sandcastle Help File Builder\ProductionTransforms\MergeDuplicates.xsl&#39;.
Done Building Project &quot;C:\Users\Jason\Dropbox\Projects\GitHub\SDL2-CS\doc\SDL_Sharp_Documentation\Help\Working\GenerateRefInfo.proj&quot; (default targets).

Build succeeded.

Time Elapsed 00:00:03.73
    Last step completed in 00:00:03.8676
</buildStep>
<buildStep step="TransformReflectionInfo">
Transforming reflection output...
[C:\Program Files (x86)\MSBuild\12.0\bin\MSBuild.exe]
Build started 2014-04-18 07:43:47 PM.
Project &quot;C:\Users\Jason\Dropbox\Projects\GitHub\SDL2-CS\doc\SDL_Sharp_Documentation\Help\Working\TransformManifest.proj&quot; on node 1 (default targets).
TransformManifest:
  XslTransform (v2014.1.26.0)
  Copyright c 2006-2014, Microsoft Corporation, All Rights Reserved.
  Portions Copyright c 2006-2014, Eric Woodruff, All Rights Reserved.
  Applying XSL transformation &#39;C:\Program Files (x86)\EWSoftware\Sandcastle Help File Builder\\ProductionTransforms\ApplyVSDocModel.xsl&#39;.
  Copying file from &quot;reflection.xml&quot; to &quot;reflection.nofilenames&quot;.
  XslTransform (v2014.1.26.0)
  Copyright c 2006-2014, Microsoft Corporation, All Rights Reserved.
  Portions Copyright c 2006-2014, Eric Woodruff, All Rights Reserved.
  Applying XSL transformation &#39;C:\Program Files (x86)\EWSoftware\Sandcastle Help File Builder\ProductionTransforms\AddFilenames.xsl&#39;.
XslTransform : error : The output file &#39;reflection.xml&#39; could not be created. The error is: The requested operation cannot be performed on a file with a user-mapped section open. [C:\Users\Jason\Dropbox\Projects\GitHub\SDL2-CS\doc\SDL_Sharp_Documentation\Help\Working\TransformManifest.proj]
XslTransform : error :  [C:\Users\Jason\Dropbox\Projects\GitHub\SDL2-CS\doc\SDL_Sharp_Documentation\Help\Working\TransformManifest.proj]
Done Building Project &quot;C:\Users\Jason\Dropbox\Projects\GitHub\SDL2-CS\doc\SDL_Sharp_Documentation\Help\Working\TransformManifest.proj&quot; (default targets) -- FAILED.

Build FAILED.

Time Elapsed 00:06:33.59
    Last step completed in 00:06:33.7043
</buildStep>
<buildStep step="Failed">

SHFB: Error BE0043: Unexpected error detected in last build step.  See output above for details.
   at SandcastleBuilder.Utils.BuildEngine.BuildProcess.RunProcess(String fileToRun, String args)
   at SandcastleBuilder.Utils.BuildEngine.BuildProcess.Build()

</buildStep>
</shfbBuild>
